Performing C SOURCE FILE Test CMAKE_HAVE_LIBC_PTHREAD failed with the following output:
Change Dir: /home/orangepi/swy/patrol/build/CMakeFiles/CMakeTmp

Run Build Command(s):/usr/bin/make cmTC_81da1/fast && /usr/bin/make -f CMakeFiles/cmTC_81da1.dir/build.make CMakeFiles/cmTC_81da1.dir/build
make[1]: 进入目录“/home/orangepi/swy/patrol/build/CMakeFiles/CMakeTmp”
Building C object CMakeFiles/cmTC_81da1.dir/src.c.o
/usr/bin/cc   -DCMAKE_HAVE_LIBC_PTHREAD   -o CMakeFiles/cmTC_81da1.dir/src.c.o   -c /home/orangepi/swy/patrol/build/CMakeFiles/CMakeTmp/src.c
Linking C executable cmTC_81da1
/usr/bin/cmake -E cmake_link_script CMakeFiles/cmTC_81da1.dir/link.txt --verbose=1
/usr/bin/cc  -DCMAKE_HAVE_LIBC_PTHREAD    -rdynamic CMakeFiles/cmTC_81da1.dir/src.c.o  -o cmTC_81da1 
/usr/bin/ld: CMakeFiles/cmTC_81da1.dir/src.c.o: in function `main':
src.c:(.text+0x48): undefined reference to `pthread_create'
/usr/bin/ld: src.c:(.text+0x50): undefined reference to `pthread_detach'
/usr/bin/ld: src.c:(.text+0x5c): undefined reference to `pthread_join'
collect2: error: ld returned 1 exit status
make[1]: *** [CMakeFiles/cmTC_81da1.dir/build.make:87：cmTC_81da1] 错误 1
make[1]: 离开目录“/home/orangepi/swy/patrol/build/CMakeFiles/CMakeTmp”
make: *** [Makefile:121：cmTC_81da1/fast] 错误 2


Source file was:
#include <pthread.h>

void* test_func(void* data)
{
  return data;
}

int main(void)
{
  pthread_t thread;
  pthread_create(&thread, NULL, test_func, NULL);
  pthread_detach(thread);
  pthread_join(thread, NULL);
  pthread_atfork(NULL, NULL, NULL);
  pthread_exit(NULL);

  return 0;
}

Determining if the function pthread_create exists in the pthreads failed with the following output:
Change Dir: /home/orangepi/swy/patrol/build/CMakeFiles/CMakeTmp

Run Build Command(s):/usr/bin/make cmTC_56e56/fast && /usr/bin/make -f CMakeFiles/cmTC_56e56.dir/build.make CMakeFiles/cmTC_56e56.dir/build
make[1]: 进入目录“/home/orangepi/swy/patrol/build/CMakeFiles/CMakeTmp”
Building C object CMakeFiles/cmTC_56e56.dir/CheckFunctionExists.c.o
/usr/bin/cc   -DCHECK_FUNCTION_EXISTS=pthread_create   -o CMakeFiles/cmTC_56e56.dir/CheckFunctionExists.c.o   -c /usr/share/cmake-3.16/Modules/CheckFunctionExists.c
Linking C executable cmTC_56e56
/usr/bin/cmake -E cmake_link_script CMakeFiles/cmTC_56e56.dir/link.txt --verbose=1
/usr/bin/cc  -DCHECK_FUNCTION_EXISTS=pthread_create    -rdynamic CMakeFiles/cmTC_56e56.dir/CheckFunctionExists.c.o  -o cmTC_56e56  -lpthreads 
/usr/bin/ld: 找不到 -lpthreads
collect2: error: ld returned 1 exit status
make[1]: *** [CMakeFiles/cmTC_56e56.dir/build.make:87：cmTC_56e56] 错误 1
make[1]: 离开目录“/home/orangepi/swy/patrol/build/CMakeFiles/CMakeTmp”
make: *** [Makefile:121：cmTC_56e56/fast] 错误 2



Performing C SOURCE FILE Test CMAKE_HAVE_LIBC_PTHREAD failed with the following output:
Change Dir: /home/orangepi/swy/patrol/build/CMakeFiles/CMakeTmp

Run Build Command(s):/usr/bin/make cmTC_3ebd4/fast && /usr/bin/make -f CMakeFiles/cmTC_3ebd4.dir/build.make CMakeFiles/cmTC_3ebd4.dir/build
make[1]: 进入目录“/home/orangepi/swy/patrol/build/CMakeFiles/CMakeTmp”
Building C object CMakeFiles/cmTC_3ebd4.dir/src.c.o
/usr/bin/cc   -DCMAKE_HAVE_LIBC_PTHREAD   -o CMakeFiles/cmTC_3ebd4.dir/src.c.o   -c /home/orangepi/swy/patrol/build/CMakeFiles/CMakeTmp/src.c
Linking C executable cmTC_3ebd4
/usr/bin/cmake -E cmake_link_script CMakeFiles/cmTC_3ebd4.dir/link.txt --verbose=1
/usr/bin/cc  -DCMAKE_HAVE_LIBC_PTHREAD    -rdynamic CMakeFiles/cmTC_3ebd4.dir/src.c.o  -o cmTC_3ebd4 
/usr/bin/ld: CMakeFiles/cmTC_3ebd4.dir/src.c.o: in function `main':
src.c:(.text+0x48): undefined reference to `pthread_create'
/usr/bin/ld: src.c:(.text+0x50): undefined reference to `pthread_detach'
/usr/bin/ld: src.c:(.text+0x5c): undefined reference to `pthread_join'
collect2: error: ld returned 1 exit status
make[1]: *** [CMakeFiles/cmTC_3ebd4.dir/build.make:87：cmTC_3ebd4] 错误 1
make[1]: 离开目录“/home/orangepi/swy/patrol/build/CMakeFiles/CMakeTmp”
make: *** [Makefile:121：cmTC_3ebd4/fast] 错误 2


Source file was:
#include <pthread.h>

void* test_func(void* data)
{
  return data;
}

int main(void)
{
  pthread_t thread;
  pthread_create(&thread, NULL, test_func, NULL);
  pthread_detach(thread);
  pthread_join(thread, NULL);
  pthread_atfork(NULL, NULL, NULL);
  pthread_exit(NULL);

  return 0;
}

Determining if the function pthread_create exists in the pthreads failed with the following output:
Change Dir: /home/orangepi/swy/patrol/build/CMakeFiles/CMakeTmp

Run Build Command(s):/usr/bin/make cmTC_f8dcd/fast && /usr/bin/make -f CMakeFiles/cmTC_f8dcd.dir/build.make CMakeFiles/cmTC_f8dcd.dir/build
make[1]: 进入目录“/home/orangepi/swy/patrol/build/CMakeFiles/CMakeTmp”
Building C object CMakeFiles/cmTC_f8dcd.dir/CheckFunctionExists.c.o
/usr/bin/cc   -DCHECK_FUNCTION_EXISTS=pthread_create   -o CMakeFiles/cmTC_f8dcd.dir/CheckFunctionExists.c.o   -c /usr/share/cmake-3.16/Modules/CheckFunctionExists.c
Linking C executable cmTC_f8dcd
/usr/bin/cmake -E cmake_link_script CMakeFiles/cmTC_f8dcd.dir/link.txt --verbose=1
/usr/bin/cc  -DCHECK_FUNCTION_EXISTS=pthread_create    -rdynamic CMakeFiles/cmTC_f8dcd.dir/CheckFunctionExists.c.o  -o cmTC_f8dcd  -lpthreads 
/usr/bin/ld: 找不到 -lpthreads
collect2: error: ld returned 1 exit status
make[1]: *** [CMakeFiles/cmTC_f8dcd.dir/build.make:87：cmTC_f8dcd] 错误 1
make[1]: 离开目录“/home/orangepi/swy/patrol/build/CMakeFiles/CMakeTmp”
make: *** [Makefile:121：cmTC_f8dcd/fast] 错误 2



Performing C SOURCE FILE Test CMAKE_HAVE_LIBC_PTHREAD failed with the following output:
Change Dir: /home/orangepi/swy/patrol/build/CMakeFiles/CMakeTmp

Run Build Command(s):/usr/bin/make cmTC_4a257/fast && /usr/bin/make -f CMakeFiles/cmTC_4a257.dir/build.make CMakeFiles/cmTC_4a257.dir/build
make[1]: 进入目录“/home/orangepi/swy/patrol/build/CMakeFiles/CMakeTmp”
Building C object CMakeFiles/cmTC_4a257.dir/src.c.o
/usr/bin/cc   -DCMAKE_HAVE_LIBC_PTHREAD   -o CMakeFiles/cmTC_4a257.dir/src.c.o   -c /home/orangepi/swy/patrol/build/CMakeFiles/CMakeTmp/src.c
Linking C executable cmTC_4a257
/usr/bin/cmake -E cmake_link_script CMakeFiles/cmTC_4a257.dir/link.txt --verbose=1
/usr/bin/cc  -DCMAKE_HAVE_LIBC_PTHREAD    -rdynamic CMakeFiles/cmTC_4a257.dir/src.c.o  -o cmTC_4a257 
/usr/bin/ld: CMakeFiles/cmTC_4a257.dir/src.c.o: in function `main':
src.c:(.text+0x48): undefined reference to `pthread_create'
/usr/bin/ld: src.c:(.text+0x50): undefined reference to `pthread_detach'
/usr/bin/ld: src.c:(.text+0x5c): undefined reference to `pthread_join'
collect2: error: ld returned 1 exit status
make[1]: *** [CMakeFiles/cmTC_4a257.dir/build.make:87：cmTC_4a257] 错误 1
make[1]: 离开目录“/home/orangepi/swy/patrol/build/CMakeFiles/CMakeTmp”
make: *** [Makefile:121：cmTC_4a257/fast] 错误 2


Source file was:
#include <pthread.h>

void* test_func(void* data)
{
  return data;
}

int main(void)
{
  pthread_t thread;
  pthread_create(&thread, NULL, test_func, NULL);
  pthread_detach(thread);
  pthread_join(thread, NULL);
  pthread_atfork(NULL, NULL, NULL);
  pthread_exit(NULL);

  return 0;
}

Determining if the function pthread_create exists in the pthreads failed with the following output:
Change Dir: /home/orangepi/swy/patrol/build/CMakeFiles/CMakeTmp

Run Build Command(s):/usr/bin/make cmTC_f1b79/fast && /usr/bin/make -f CMakeFiles/cmTC_f1b79.dir/build.make CMakeFiles/cmTC_f1b79.dir/build
make[1]: 进入目录“/home/orangepi/swy/patrol/build/CMakeFiles/CMakeTmp”
Building C object CMakeFiles/cmTC_f1b79.dir/CheckFunctionExists.c.o
/usr/bin/cc   -DCHECK_FUNCTION_EXISTS=pthread_create   -o CMakeFiles/cmTC_f1b79.dir/CheckFunctionExists.c.o   -c /usr/share/cmake-3.16/Modules/CheckFunctionExists.c
Linking C executable cmTC_f1b79
/usr/bin/cmake -E cmake_link_script CMakeFiles/cmTC_f1b79.dir/link.txt --verbose=1
/usr/bin/cc  -DCHECK_FUNCTION_EXISTS=pthread_create    -rdynamic CMakeFiles/cmTC_f1b79.dir/CheckFunctionExists.c.o  -o cmTC_f1b79  -lpthreads 
/usr/bin/ld: 找不到 -lpthreads
collect2: error: ld returned 1 exit status
make[1]: *** [CMakeFiles/cmTC_f1b79.dir/build.make:87：cmTC_f1b79] 错误 1
make[1]: 离开目录“/home/orangepi/swy/patrol/build/CMakeFiles/CMakeTmp”
make: *** [Makefile:121：cmTC_f1b79/fast] 错误 2



Performing C SOURCE FILE Test CMAKE_HAVE_LIBC_PTHREAD failed with the following output:
Change Dir: /home/orangepi/swy/patrol/build/CMakeFiles/CMakeTmp

Run Build Command(s):/usr/bin/make cmTC_51a5a/fast && /usr/bin/make -f CMakeFiles/cmTC_51a5a.dir/build.make CMakeFiles/cmTC_51a5a.dir/build
make[1]: 进入目录“/home/orangepi/swy/patrol/build/CMakeFiles/CMakeTmp”
Building C object CMakeFiles/cmTC_51a5a.dir/src.c.o
/usr/bin/cc   -DCMAKE_HAVE_LIBC_PTHREAD   -o CMakeFiles/cmTC_51a5a.dir/src.c.o   -c /home/orangepi/swy/patrol/build/CMakeFiles/CMakeTmp/src.c
Linking C executable cmTC_51a5a
/usr/bin/cmake -E cmake_link_script CMakeFiles/cmTC_51a5a.dir/link.txt --verbose=1
/usr/bin/cc  -DCMAKE_HAVE_LIBC_PTHREAD    -rdynamic CMakeFiles/cmTC_51a5a.dir/src.c.o  -o cmTC_51a5a 
/usr/bin/ld: CMakeFiles/cmTC_51a5a.dir/src.c.o: in function `main':
src.c:(.text+0x48): undefined reference to `pthread_create'
/usr/bin/ld: src.c:(.text+0x50): undefined reference to `pthread_detach'
/usr/bin/ld: src.c:(.text+0x5c): undefined reference to `pthread_join'
collect2: error: ld returned 1 exit status
make[1]: *** [CMakeFiles/cmTC_51a5a.dir/build.make:87：cmTC_51a5a] 错误 1
make[1]: 离开目录“/home/orangepi/swy/patrol/build/CMakeFiles/CMakeTmp”
make: *** [Makefile:121：cmTC_51a5a/fast] 错误 2


Source file was:
#include <pthread.h>

void* test_func(void* data)
{
  return data;
}

int main(void)
{
  pthread_t thread;
  pthread_create(&thread, NULL, test_func, NULL);
  pthread_detach(thread);
  pthread_join(thread, NULL);
  pthread_atfork(NULL, NULL, NULL);
  pthread_exit(NULL);

  return 0;
}

Determining if the function pthread_create exists in the pthreads failed with the following output:
Change Dir: /home/orangepi/swy/patrol/build/CMakeFiles/CMakeTmp

Run Build Command(s):/usr/bin/make cmTC_73bd6/fast && /usr/bin/make -f CMakeFiles/cmTC_73bd6.dir/build.make CMakeFiles/cmTC_73bd6.dir/build
make[1]: 进入目录“/home/orangepi/swy/patrol/build/CMakeFiles/CMakeTmp”
Building C object CMakeFiles/cmTC_73bd6.dir/CheckFunctionExists.c.o
/usr/bin/cc   -DCHECK_FUNCTION_EXISTS=pthread_create   -o CMakeFiles/cmTC_73bd6.dir/CheckFunctionExists.c.o   -c /usr/share/cmake-3.16/Modules/CheckFunctionExists.c
Linking C executable cmTC_73bd6
/usr/bin/cmake -E cmake_link_script CMakeFiles/cmTC_73bd6.dir/link.txt --verbose=1
/usr/bin/cc  -DCHECK_FUNCTION_EXISTS=pthread_create    -rdynamic CMakeFiles/cmTC_73bd6.dir/CheckFunctionExists.c.o  -o cmTC_73bd6  -lpthreads 
/usr/bin/ld: 找不到 -lpthreads
collect2: error: ld returned 1 exit status
make[1]: *** [CMakeFiles/cmTC_73bd6.dir/build.make:87：cmTC_73bd6] 错误 1
make[1]: 离开目录“/home/orangepi/swy/patrol/build/CMakeFiles/CMakeTmp”
make: *** [Makefile:121：cmTC_73bd6/fast] 错误 2



Performing C SOURCE FILE Test CMAKE_HAVE_LIBC_PTHREAD failed with the following output:
Change Dir: /home/orangepi/swy/patrol/build/CMakeFiles/CMakeTmp

Run Build Command(s):/usr/bin/make cmTC_5f1d7/fast && /usr/bin/make -f CMakeFiles/cmTC_5f1d7.dir/build.make CMakeFiles/cmTC_5f1d7.dir/build
make[1]: 进入目录“/home/orangepi/swy/patrol/build/CMakeFiles/CMakeTmp”
Building C object CMakeFiles/cmTC_5f1d7.dir/src.c.o
/usr/bin/cc   -DCMAKE_HAVE_LIBC_PTHREAD   -o CMakeFiles/cmTC_5f1d7.dir/src.c.o   -c /home/orangepi/swy/patrol/build/CMakeFiles/CMakeTmp/src.c
Linking C executable cmTC_5f1d7
/usr/bin/cmake -E cmake_link_script CMakeFiles/cmTC_5f1d7.dir/link.txt --verbose=1
/usr/bin/cc  -DCMAKE_HAVE_LIBC_PTHREAD    -rdynamic CMakeFiles/cmTC_5f1d7.dir/src.c.o  -o cmTC_5f1d7 
/usr/bin/ld: CMakeFiles/cmTC_5f1d7.dir/src.c.o: in function `main':
src.c:(.text+0x48): undefined reference to `pthread_create'
/usr/bin/ld: src.c:(.text+0x50): undefined reference to `pthread_detach'
/usr/bin/ld: src.c:(.text+0x5c): undefined reference to `pthread_join'
collect2: error: ld returned 1 exit status
make[1]: *** [CMakeFiles/cmTC_5f1d7.dir/build.make:87：cmTC_5f1d7] 错误 1
make[1]: 离开目录“/home/orangepi/swy/patrol/build/CMakeFiles/CMakeTmp”
make: *** [Makefile:121：cmTC_5f1d7/fast] 错误 2


Source file was:
#include <pthread.h>

void* test_func(void* data)
{
  return data;
}

int main(void)
{
  pthread_t thread;
  pthread_create(&thread, NULL, test_func, NULL);
  pthread_detach(thread);
  pthread_join(thread, NULL);
  pthread_atfork(NULL, NULL, NULL);
  pthread_exit(NULL);

  return 0;
}

Determining if the function pthread_create exists in the pthreads failed with the following output:
Change Dir: /home/orangepi/swy/patrol/build/CMakeFiles/CMakeTmp

Run Build Command(s):/usr/bin/make cmTC_0a329/fast && /usr/bin/make -f CMakeFiles/cmTC_0a329.dir/build.make CMakeFiles/cmTC_0a329.dir/build
make[1]: 进入目录“/home/orangepi/swy/patrol/build/CMakeFiles/CMakeTmp”
Building C object CMakeFiles/cmTC_0a329.dir/CheckFunctionExists.c.o
/usr/bin/cc   -DCHECK_FUNCTION_EXISTS=pthread_create   -o CMakeFiles/cmTC_0a329.dir/CheckFunctionExists.c.o   -c /usr/share/cmake-3.16/Modules/CheckFunctionExists.c
Linking C executable cmTC_0a329
/usr/bin/cmake -E cmake_link_script CMakeFiles/cmTC_0a329.dir/link.txt --verbose=1
/usr/bin/cc  -DCHECK_FUNCTION_EXISTS=pthread_create    -rdynamic CMakeFiles/cmTC_0a329.dir/CheckFunctionExists.c.o  -o cmTC_0a329  -lpthreads 
/usr/bin/ld: 找不到 -lpthreads
collect2: error: ld returned 1 exit status
make[1]: *** [CMakeFiles/cmTC_0a329.dir/build.make:87：cmTC_0a329] 错误 1
make[1]: 离开目录“/home/orangepi/swy/patrol/build/CMakeFiles/CMakeTmp”
make: *** [Makefile:121：cmTC_0a329/fast] 错误 2



Performing C SOURCE FILE Test CMAKE_HAVE_LIBC_PTHREAD failed with the following output:
Change Dir: /home/orangepi/swy/patrol/build/CMakeFiles/CMakeTmp

Run Build Command(s):/usr/bin/make cmTC_7ab9c/fast && /usr/bin/make -f CMakeFiles/cmTC_7ab9c.dir/build.make CMakeFiles/cmTC_7ab9c.dir/build
make[1]: 进入目录“/home/orangepi/swy/patrol/build/CMakeFiles/CMakeTmp”
Building C object CMakeFiles/cmTC_7ab9c.dir/src.c.o
/usr/bin/cc   -DCMAKE_HAVE_LIBC_PTHREAD   -o CMakeFiles/cmTC_7ab9c.dir/src.c.o   -c /home/orangepi/swy/patrol/build/CMakeFiles/CMakeTmp/src.c
Linking C executable cmTC_7ab9c
/usr/bin/cmake -E cmake_link_script CMakeFiles/cmTC_7ab9c.dir/link.txt --verbose=1
/usr/bin/cc  -DCMAKE_HAVE_LIBC_PTHREAD    -rdynamic CMakeFiles/cmTC_7ab9c.dir/src.c.o  -o cmTC_7ab9c 
/usr/bin/ld: CMakeFiles/cmTC_7ab9c.dir/src.c.o: in function `main':
src.c:(.text+0x48): undefined reference to `pthread_create'
/usr/bin/ld: src.c:(.text+0x50): undefined reference to `pthread_detach'
/usr/bin/ld: src.c:(.text+0x5c): undefined reference to `pthread_join'
collect2: error: ld returned 1 exit status
make[1]: *** [CMakeFiles/cmTC_7ab9c.dir/build.make:87：cmTC_7ab9c] 错误 1
make[1]: 离开目录“/home/orangepi/swy/patrol/build/CMakeFiles/CMakeTmp”
make: *** [Makefile:121：cmTC_7ab9c/fast] 错误 2


Source file was:
#include <pthread.h>

void* test_func(void* data)
{
  return data;
}

int main(void)
{
  pthread_t thread;
  pthread_create(&thread, NULL, test_func, NULL);
  pthread_detach(thread);
  pthread_join(thread, NULL);
  pthread_atfork(NULL, NULL, NULL);
  pthread_exit(NULL);

  return 0;
}

Determining if the function pthread_create exists in the pthreads failed with the following output:
Change Dir: /home/orangepi/swy/patrol/build/CMakeFiles/CMakeTmp

Run Build Command(s):/usr/bin/make cmTC_9c45f/fast && /usr/bin/make -f CMakeFiles/cmTC_9c45f.dir/build.make CMakeFiles/cmTC_9c45f.dir/build
make[1]: 进入目录“/home/orangepi/swy/patrol/build/CMakeFiles/CMakeTmp”
Building C object CMakeFiles/cmTC_9c45f.dir/CheckFunctionExists.c.o
/usr/bin/cc   -DCHECK_FUNCTION_EXISTS=pthread_create   -o CMakeFiles/cmTC_9c45f.dir/CheckFunctionExists.c.o   -c /usr/share/cmake-3.16/Modules/CheckFunctionExists.c
Linking C executable cmTC_9c45f
/usr/bin/cmake -E cmake_link_script CMakeFiles/cmTC_9c45f.dir/link.txt --verbose=1
/usr/bin/cc  -DCHECK_FUNCTION_EXISTS=pthread_create    -rdynamic CMakeFiles/cmTC_9c45f.dir/CheckFunctionExists.c.o  -o cmTC_9c45f  -lpthreads 
/usr/bin/ld: 找不到 -lpthreads
collect2: error: ld returned 1 exit status
make[1]: *** [CMakeFiles/cmTC_9c45f.dir/build.make:87：cmTC_9c45f] 错误 1
make[1]: 离开目录“/home/orangepi/swy/patrol/build/CMakeFiles/CMakeTmp”
make: *** [Makefile:121：cmTC_9c45f/fast] 错误 2



